#
# There is insufficient memory for the Java Runtime Environment to continue.
# Native memory allocation (mmap) failed to map 65536 bytes for Failed to commit area from 0x000001e51ff40000 to 0x000001e51ff50000 of length 65536.
# Possible reasons:
#   The system is out of physical RAM or swap space
#   The process is running with CompressedOops enabled, and the Java Heap may be blocking the growth of the native heap
# Possible solutions:
#   Reduce memory load on the system
#   Increase physical memory or swap space
#   Check if swap backing store is full
#   Decrease Java heap size (-Xmx/-Xms)
#   Decrease number of Java threads
#   Decrease Java thread stack sizes (-Xss)
#   Set larger code cache with -XX:ReservedCodeCacheSize=
# This output file may be truncated or incomplete.
#
#  Out of Memory Error (c:/BuildAgent/work/5ff2f6c26000d570/src/hotspot/os/windows/os_windows.cpp:3291), pid=29324, tid=30104
#
# JRE version:  (11.0.5+10) (build )
# Java VM: OpenJDK 64-Bit Server VM (11.0.5+10-b520.17, mixed mode, aot, sharing, tiered, compressed oops, g1 gc, windows-amd64)
# No core dump will be written. Minidumps are not enabled by default on client versions of Windows
#

---------------  S U M M A R Y ------------

Command Line: org.jetbrains.git4idea.http.GitAskPassApp Username for 'https://github.com': 

Host: Intel(R) Core(TM) i5-6300HQ CPU @ 2.30GHz, 4 cores, 15G,  Windows 10 , 64 bit Build 17134 (10.0.17134.753)
Time: Sun Jan 26 02:03:35 2020 Central European Standard Time elapsed time: 0 seconds (0d 0h 0m 0s)

---------------  T H R E A D  ---------------

Current thread (0x000001e50c070000):  JavaThread "Unknown thread" [_thread_in_vm, id=30104, stack(0x000000ccf9700000,0x000000ccf9800000)]

Stack: [0x000000ccf9700000,0x000000ccf9800000]
Native frames: (J=compiled Java code, j=interpreted, Vv=VM code, C=native code)
V  [jvm.dll+0x5dcafa]
V  [jvm.dll+0x70e375]
V  [jvm.dll+0x70f898]
V  [jvm.dll+0x70ff63]
V  [jvm.dll+0x23e238]
V  [jvm.dll+0x5da1c4]
V  [jvm.dll+0x5cf265]
V  [jvm.dll+0x2fac3b]
V  [jvm.dll+0x2fabaa]
V  [jvm.dll+0x2faa82]
V  [jvm.dll+0x2ffa65]
V  [jvm.dll+0x3487d6]
V  [jvm.dll+0x3481d3]
V  [jvm.dll+0x2d5548]
V  [jvm.dll+0x2d66e7]
V  [jvm.dll+0x6ed237]
V  [jvm.dll+0x6eea2c]
V  [jvm.dll+0x355849]
V  [jvm.dll+0x6d239e]
V  [jvm.dll+0x3be283]
V  [jvm.dll+0x3c0701]
C  [jli.dll+0x5363]
C  [ucrtbase.dll+0x1e3fe]
C  [KERNEL32.DLL+0x14034]
C  [ntdll.dll+0x73691]


---------------  P R O C E S S  ---------------

Threads class SMR info:
_java_thread_list=0x000001e509fb5890, length=0, elements={
}

Java Threads: ( => current thread )

Other Threads:
  0x000001e50c083800 GCTaskThread "GC Thread#0" [stack: 0x000000ccf9800000,0x000000ccf9900000] [id=14524]
  0x000001e50c0e1000 ConcurrentGCThread "G1 Main Marker" [stack: 0x000000ccf9900000,0x000000ccf9a00000] [id=33820]
  0x000001e50c0e2000 ConcurrentGCThread "G1 Conc#0" [stack: 0x000000ccf9a00000,0x000000ccf9b00000] [id=34560]

[error occurred during error reporting (printing all threads), id 0xc0000005, EXCEPTION_ACCESS_VIOLATION (0xc0000005) at pc=0x00007fff509f5c17]

VM state:not at safepoint (not fully initialized)

VM Mutex/Monitor currently owned by a thread:  ([mutex/lock_event])
[0x000001e50c06e3f0] Heap_lock - owner thread: 0x000001e50c070000

Heap address: 0x0000000701e00000, size: 4066 MB, Compressed Oops mode: Non-zero based: 0x0000000701e00000
Narrow klass base: 0x0000000000000000, Narrow klass shift: 0

GC Heap History (0 events):
No events

Deoptimization events (0 events):
No events

Classes redefined (0 events):
No events

Internal exceptions (0 events):
No events

Events (0 events):
No events


Dynamic libraries:
0x00007ff6fb130000 - 0x00007ff6fb13a000 	C:\Users\Vinterdo\AppData\Local\JetBrains\Toolbox\apps\Rider\ch-0\193.5662.14\jbr\bin\java.exe
0x00007fffacc10000 - 0x00007fffacdf1000 	C:\WINDOWS\SYSTEM32\ntdll.dll
0x00007fffab0c0000 - 0x00007fffab171000 	C:\WINDOWS\System32\KERNEL32.DLL
0x00007fffa9dc0000 - 0x00007fffaa033000 	C:\WINDOWS\System32\KERNELBASE.dll
0x00007fffa9cc0000 - 0x00007fffa9db8000 	C:\WINDOWS\System32\ucrtbase.dll
0x00007fff9f000000 - 0x00007fff9f017000 	C:\Users\Vinterdo\AppData\Local\JetBrains\Toolbox\apps\Rider\ch-0\193.5662.14\jbr\bin\VCRUNTIME140.dll
0x00007fff9e860000 - 0x00007fff9e879000 	C:\Users\Vinterdo\AppData\Local\JetBrains\Toolbox\apps\Rider\ch-0\193.5662.14\jbr\bin\jli.dll
0x00007fffaa4a0000 - 0x00007fffaa630000 	C:\WINDOWS\System32\USER32.dll
0x00007fffa9ca0000 - 0x00007fffa9cc0000 	C:\WINDOWS\System32\win32u.dll
0x00007fffacb30000 - 0x00007fffacb58000 	C:\WINDOWS\System32\GDI32.dll
0x00007fff98050000 - 0x00007fff982b9000 	C:\WINDOWS\WinSxS\amd64_microsoft.windows.common-controls_6595b64144ccf1df_6.0.17134.1067_none_d401a3eb7c8ebdea\COMCTL32.dll
0x00007fffa9340000 - 0x00007fffa94d1000 	C:\WINDOWS\System32\gdi32full.dll
0x00007fffaad20000 - 0x00007fffaadbe000 	C:\WINDOWS\System32\msvcrt.dll
0x00007fffa8fd0000 - 0x00007fffa906f000 	C:\WINDOWS\System32\msvcp_win.dll
0x00007fffaa9d0000 - 0x00007fffaacf1000 	C:\WINDOWS\System32\combase.dll
0x00007fffaadc0000 - 0x00007fffaaee4000 	C:\WINDOWS\System32\RPCRT4.dll
0x00007fffa90d0000 - 0x00007fffa9149000 	C:\WINDOWS\System32\bcryptPrimitives.dll
0x00007fffaaef0000 - 0x00007fffaaf1d000 	C:\WINDOWS\System32\IMM32.DLL
0x00007fff7c830000 - 0x00007fff7c8cd000 	C:\Users\Vinterdo\AppData\Local\JetBrains\Toolbox\apps\Rider\ch-0\193.5662.14\jbr\bin\msvcp140.dll
0x00007fff50710000 - 0x00007fff511cb000 	C:\Users\Vinterdo\AppData\Local\JetBrains\Toolbox\apps\Rider\ch-0\193.5662.14\jbr\bin\server\jvm.dll
0x00007fffaa090000 - 0x00007fffaa131000 	C:\WINDOWS\System32\ADVAPI32.dll
0x00007fffacac0000 - 0x00007fffacb1b000 	C:\WINDOWS\System32\sechost.dll
0x00007fffaa430000 - 0x00007fffaa438000 	C:\WINDOWS\System32\PSAPI.DLL
0x00007fff9fe50000 - 0x00007fff9fe73000 	C:\WINDOWS\SYSTEM32\WINMM.dll
0x00007fffa7b20000 - 0x00007fffa7b29000 	C:\WINDOWS\SYSTEM32\WSOCK32.dll
0x00007fff9c6d0000 - 0x00007fff9c6da000 	C:\WINDOWS\SYSTEM32\VERSION.dll
0x00007fffaa230000 - 0x00007fffaa29c000 	C:\WINDOWS\System32\WS2_32.dll
0x00007fff9fe20000 - 0x00007fff9fe4a000 	C:\WINDOWS\SYSTEM32\WINMMBASE.dll
0x00007fffaa040000 - 0x00007fffaa089000 	C:\WINDOWS\System32\cfgmgr32.dll
0x00007fffa8f40000 - 0x00007fffa8f51000 	C:\WINDOWS\System32\kernel.appcore.dll
0x00007fff97a80000 - 0x00007fff97a91000 	C:\Users\Vinterdo\AppData\Local\JetBrains\Toolbox\apps\Rider\ch-0\193.5662.14\jbr\bin\verify.dll
0x00007fffa7900000 - 0x00007fffa7ac9000 	C:\WINDOWS\SYSTEM32\DBGHELP.DLL
0x00007fffa31d0000 - 0x00007fffa31f9000 	C:\WINDOWS\SYSTEM32\dbgcore.DLL
0x00007fff97a50000 - 0x00007fff97a79000 	C:\Users\Vinterdo\AppData\Local\JetBrains\Toolbox\apps\Rider\ch-0\193.5662.14\jbr\bin\java.dll
0x00007fff97a30000 - 0x00007fff97a47000 	C:\Users\Vinterdo\AppData\Local\JetBrains\Toolbox\apps\Rider\ch-0\193.5662.14\jbr\bin\zip.dll
0x00007fff97a20000 - 0x00007fff97a2b000 	C:\Users\Vinterdo\AppData\Local\JetBrains\Toolbox\apps\Rider\ch-0\193.5662.14\jbr\bin\jimage.dll

dbghelp: loaded successfully - version: 4.0.5 - missing functions: none
symbol engine: initialized successfully - sym options: 0x614 - pdb path: .;C:\Users\Vinterdo\AppData\Local\JetBrains\Toolbox\apps\Rider\ch-0\193.5662.14\jbr\bin;C:\WINDOWS\SYSTEM32;C:\WINDOWS\WinSxS\amd64_microsoft.windows.common-controls_6595b64144ccf1df_6.0.17134.1067_none_d401a3eb7c8ebdea;C:\Users\Vinterdo\AppData\Local\JetBrains\Toolbox\apps\Rider\ch-0\193.5662.14\jbr\bin\server

VM Arguments:
java_command: org.jetbrains.git4idea.http.GitAskPassApp Username for 'https://github.com': 
java_class_path (initial): C:/Users/Vinterdo/AppData/Local/JetBrains/Toolbox/apps/Rider/ch-0/193.5662.14/plugins/git4idea/lib/git4idea-rt.jar;C:/Users/Vinterdo/AppData/Local/JetBrains/Toolbox/apps/Rider/ch-0/193.5662.14/lib/xmlrpc-2.0.1.jar;C:/Users/Vinterdo/AppData/Local/JetBrains/Toolbox/apps/Rider/ch-0/193.5662.14/lib/commons-codec-1.13.jar;C:/Users/Vinterdo/AppData/Local/JetBrains/Toolbox/apps/Rider/ch-0/193.5662.14/lib/util.jar
Launcher Type: SUN_STANDARD

[Global flags]
     intx CICompilerCount                          = 3                                         {product} {ergonomic}
     uint ConcGCThreads                            = 1                                         {product} {ergonomic}
     uint G1ConcRefinementThreads                  = 4                                         {product} {ergonomic}
   size_t G1HeapRegionSize                         = 1048576                                   {product} {ergonomic}
    uintx GCDrainStackTargetSize                   = 64                                        {product} {ergonomic}
   size_t InitialHeapSize                          = 268435456                                 {product} {ergonomic}
   size_t MarkStackSize                            = 4194304                                   {product} {ergonomic}
   size_t MaxHeapSize                              = 4263510016                                {product} {ergonomic}
   size_t MinHeapDeltaBytes                        = 1048576                                   {product} {ergonomic}
    uintx NonNMethodCodeHeapSize                   = 5830732                                {pd product} {ergonomic}
    uintx NonProfiledCodeHeapSize                  = 122913754                              {pd product} {ergonomic}
    uintx ProfiledCodeHeapSize                     = 122913754                              {pd product} {ergonomic}
    uintx ReservedCodeCacheSize                    = 251658240                              {pd product} {ergonomic}
     bool SegmentedCodeCache                       = true                                      {product} {ergonomic}
     bool UseCompressedClassPointers               = true                                 {lp64_product} {ergonomic}
     bool UseCompressedOops                        = true                                 {lp64_product} {ergonomic}
     bool UseG1GC                                  = true                                      {product} {ergonomic}
     bool UseLargePagesIndividualAllocation        = false                                  {pd product} {ergonomic}

Logging:
Log output configuration:
 #0: stdout all=warning uptime,level,tags
 #1: stderr all=off uptime,level,tags

Environment Variables:
PATH=C:\Program Files\Git\mingw64\libexec\git-core;C:\Program Files\Git\mingw64\bin;C:\Program Files\Git\usr\bin;C:\Users\Vinterdo\bin;C:\OCaml\bin;C:\Program Files (x86)\Razer Chroma SDK\bin;C:\Program Files\Razer Chroma SDK\bin;C:\ProgramData\Oracle\Java\javapath;C:\Windows\system32;C:\Windows;C:\Windows\System32\Wbem;C:\Windows\System32\WindowsPowerShell\v1.0;C:\Program Files (x86)\GtkSharp\2.12\bin;C:\Users\Vinterdo\.dnx\bin;C:\Program Files\Microsoft DNX\Dnvm;D:\Program Files\TortoiseGit\bin;D:\Program Files (x86)\WinSCP;C:\Program Files\Microsoft SQL Server\130\Tools\Binn;C:\Program Files (x86)\NVIDIA Corporation\PhysX\Common;C:\Program Files\Git\cmd;C:\WINDOWS\system32;C:\WINDOWS;C:\WINDOWS\System32\Wbem;C:\WINDOWS\System32\WindowsPowerShell\v1.0;C:\Users\Vinterdo\AppData\Local\Microsoft\WindowsApps;C:\WINDOWS\system32;C:\WINDOWS;C:\WINDOWS\System32\Wbem;C:\WINDOWS\System32\WindowsPowerShell\v1.0;C:\WINDOWS\System32\OpenSSH;C:\ProgramData\chocolatey\bin;C:\Program Files\nodejs;C:\Users\Vinterdo\AppData\Roaming\local\bin;C:\Users\Vinterdo\AppData\Local\Microsoft\WindowsApps;D:\Program Files\Microsoft VS Code\bin;C:\Program Files (x86)\Sophos\Sophos SSL VPN Client\bin;C:\Users\Vinterdo\AppData\Roaming\npm
USERNAME=Vinterdo
DISPLAY=:0.0
OS=Windows_NT
PROCESSOR_IDENTIFIER=Intel64 Family 6 Model 94 Stepping 3, GenuineIntel



---------------  S Y S T E M  ---------------

OS: Windows 10 , 64 bit Build 17134 (10.0.17134.753)

CPU:total 4 (initial active 4) (4 cores per cpu, 1 threads per core) family 6 model 94 stepping 3, cmov, cx8, fxsr, mmx, sse, sse2, sse3, ssse3, sse4.1, sse4.2, popcnt, avx, avx2, aes, clmul, erms, rtm, 3dnowpref, lzcnt, tsc, tscinvbit, bmi1, bmi2, adx, fma

Memory: 4k page, system-wide physical 16257M (4010M free)
TotalPageFile size 22495M (AvailPageFile size 8M)
current process WorkingSet (physical memory assigned to process): 18M, peak: 18M
current process commit charge ("private bytes"): 317M, peak: 317M

vm_info: OpenJDK 64-Bit Server VM (11.0.5+10-b520.17) for windows-amd64 JRE (11.0.5+10-b520.17), built on Dec  2 2019 12:11:34 by "" with MS VC++ 14.0 (VS2015)

END.
